Arguments: 
  /usr/local/bin/node /usr/local/bin/yarn publish --access public

PATH: 
  /home/lorenzo/.local/bin:/home/lorenzo/.local/bin:/usr/local/sbin:/usr/local/bin:/usr/sbin:/usr/bin:/sbin:/bin:/usr/games:/usr/local/games:/snap/bin

Yarn version: 
  1.22.19

Node version: 
  18.12.0

Platform: 
  linux x64

Trace: 
  Error: canceled
      at Interface.<anonymous> (/usr/local/lib/node_modules/yarn/lib/cli.js:137150:13)
      at Interface.emit (node:events:513:28)
      at [_ttyWrite] [as _ttyWrite] (node:internal/readline/interface:1124:18)
      at ReadStream.onkeypress (node:internal/readline/interface:273:20)
      at ReadStream.emit (node:events:513:28)
      at emitKeys (node:internal/readline/utils:357:14)
      at emitKeys.next (<anonymous>)
      at ReadStream.onData (node:internal/readline/emitKeypressEvents:64:36)
      at ReadStream.emit (node:events:513:28)
      at addChunk (node:internal/streams/readable:324:12)

npm manifest: 
  {
    "name": "@mikeabbott10/react-fast-guide",
    "version": "0.8.4",
    "description": "Light library that makes it simple to show guides inside web applications or web sites.",
    "scripts": {
      "rollup": "rollup -c",
      "test": "jest"
    },
    "author": "",
    "license": "ISC",
    "devDependencies": {
      "@babel/core": "^7.19.6",
      "@babel/preset-env": "^7.19.4",
      "@babel/preset-react": "^7.18.6",
      "@babel/preset-typescript": "^7.18.6",
      "@el3um4s/rollup-plugin-terser": "^1.0.2",
      "@rollup/plugin-commonjs": "^23.0.2",
      "@rollup/plugin-node-resolve": "^15.0.1",
      "@rollup/plugin-typescript": "^9.0.2",
      "@testing-library/react": "^13.4.0",
      "@types/jest": "^29.2.0",
      "@types/react": "^18.0.24",
      "babel-jest": "^29.2.2",
      "identity-obj-proxy": "^3.0.0",
      "jest": "^29.2.2",
      "jest-environment-jsdom": "^29.2.2",
      "rollup": "^3.2.3",
      "rollup-plugin-dts": "^5.0.0",
      "rollup-plugin-peer-deps-external": "^2.2.4",
      "rollup-plugin-postcss": "^4.0.2",
      "tslib": "^2.4.0",
      "typescript": "^4.8.4"
    },
    "peerDependencies": {
      "react": "^18.2.0"
    },
    "main": "dist/cjs/index.js",
    "module": "dist/esm/index.js",
    "files": [
      "dist"
    ],
    "types": "dist/index.d.ts",
    "publishConfig": {
      "registry": "https://npm.pkg.github.com/mikeabbott10"
    }
  }

yarn manifest: 
  No manifest

Lockfile: 
  No lockfile
